TN:
SF:/Users/wangqi/myself/incubator-shardingsphere/sharding-ui/sharding-ui-frontend/src/components/Container/src/components/Container/index.vue
FN:48,(anonymous_0)
FN:54,(anonymous_1)
FNF:2
FNH:1
FNDA:3,(anonymous_0)
FNDA:0,(anonymous_1)
DA:49,3
DA:55,0
LF:2
LH:1
BRF:0
BRH:0
end_of_record
TN:
SF:/Users/wangqi/myself/incubator-shardingsphere/sharding-ui/sharding-ui-frontend/src/components/Footer/src/components/Footer/index.vue
FN:27,(anonymous_0)
FNF:1
FNH:1
FNDA:1,(anonymous_0)
DA:28,1
LF:1
LH:1
BRF:0
BRH:0
end_of_record
TN:
SF:/Users/wangqi/myself/incubator-shardingsphere/sharding-ui/sharding-ui-frontend/src/components/Head/src/components/Head/index.vue
FN:53,(anonymous_0)
FN:61,(anonymous_1)
FN:71,(anonymous_2)
FN:89,(anonymous_3)
FN:93,(anonymous_4)
FNF:5
FNH:4
FNDA:3,(anonymous_0)
FNDA:3,(anonymous_1)
FNDA:3,(anonymous_2)
FNDA:1,(anonymous_3)
FNDA:0,(anonymous_4)
DA:54,3
DA:62,3
DA:72,3
DA:73,3
DA:90,1
DA:91,1
DA:94,0
DA:95,0
DA:96,0
DA:97,0
LF:10
LH:6
BRF:0
BRH:0
end_of_record
TN:
SF:/Users/wangqi/myself/incubator-shardingsphere/sharding-ui/sharding-ui-frontend/src/components/Menu/src/components/Menu/index.vue
FN:58,(anonymous_0)
FN:66,(anonymous_1)
FN:80,(anonymous_2)
FN:83,(anonymous_3)
FNF:4
FNH:0
FNDA:0,(anonymous_0)
FNDA:0,(anonymous_1)
FNDA:0,(anonymous_2)
FNDA:0,(anonymous_3)
DA:59,0
DA:67,0
DA:68,0
DA:69,0
DA:70,0
DA:71,0
LF:6
LH:0
BRDA:69,0,0,0
BRDA:69,0,1,0
BRF:2
BRH:0
end_of_record
TN:
SF:/Users/wangqi/myself/incubator-shardingsphere/sharding-ui/sharding-ui-frontend/src/lang/en-US.js
FNF:0
FNH:0
LF:0
LH:0
BRF:0
BRH:0
end_of_record
TN:
SF:/Users/wangqi/myself/incubator-shardingsphere/sharding-ui/sharding-ui-frontend/src/lang/index.js
FNF:0
FNH:0
LF:0
LH:0
BRF:0
BRH:0
end_of_record
TN:
SF:/Users/wangqi/myself/incubator-shardingsphere/sharding-ui/sharding-ui-frontend/src/lang/zh-CN.js
FNF:0
FNH:0
LF:0
LH:0
BRF:0
BRH:0
end_of_record
TN:
SF:/Users/wangqi/myself/incubator-shardingsphere/sharding-ui/sharding-ui-frontend/src/store/actions.js
FN:20,(anonymous_0)
FN:21,(anonymous_1)
FNF:2
FNH:1
FNDA:1,(anonymous_0)
FNDA:0,(anonymous_1)
DA:20,1
DA:21,1
DA:24,1
LF:3
LH:3
BRF:0
BRH:0
end_of_record
TN:
SF:/Users/wangqi/myself/incubator-shardingsphere/sharding-ui/sharding-ui-frontend/src/store/index.js
FNF:0
FNH:0
DA:24,1
LF:1
LH:1
BRF:0
BRH:0
end_of_record
TN:
SF:/Users/wangqi/myself/incubator-shardingsphere/sharding-ui/sharding-ui-frontend/src/store/mutation-types.js
FNF:0
FNH:0
DA:19,1
LF:1
LH:1
BRF:0
BRH:0
end_of_record
TN:
SF:/Users/wangqi/myself/incubator-shardingsphere/sharding-ui/sharding-ui-frontend/src/store/modules/global.js
FN:25,(anonymous_0)
FNF:1
FNH:0
FNDA:0,(anonymous_0)
DA:20,1
DA:24,1
DA:26,0
LF:3
LH:2
BRF:0
BRH:0
end_of_record
TN:
SF:/Users/wangqi/myself/incubator-shardingsphere/sharding-ui/sharding-ui-frontend/src/store/modules/index.js
FN:21,(anonymous_0)
FNF:1
FNH:1
FNDA:2,(anonymous_0)
DA:18,1
DA:19,1
DA:21,1
DA:22,2
DA:23,1
LF:5
LH:5
BRDA:22,0,0,1
BRDA:22,0,1,1
BRF:2
BRH:2
end_of_record
