TN:
SF:/Users/wangqi/myself/incubator-shardingsphere/sharding-ui/sharding-ui-frontend/src/components/Container/src/components/Container/index.vue
FN:48,(anonymous_0)
FN:54,(anonymous_1)
FNF:2
FNH:1
FNDA:1,(anonymous_0)
FNDA:0,(anonymous_1)
DA:49,1
DA:55,0
LF:2
LH:1
BRF:0
BRH:0
end_of_record
TN:
SF:/Users/wangqi/myself/incubator-shardingsphere/sharding-ui/sharding-ui-frontend/src/components/Footer/src/components/Footer/index.vue
FN:27,(anonymous_0)
FNF:1
FNH:0
FNDA:0,(anonymous_0)
DA:28,0
LF:1
LH:0
BRF:0
BRH:0
end_of_record
TN:
SF:/Users/wangqi/myself/incubator-shardingsphere/sharding-ui/sharding-ui-frontend/src/components/Head/src/components/Head/index.vue
FN:53,(anonymous_0)
FN:61,(anonymous_1)
FN:71,(anonymous_2)
FN:89,(anonymous_3)
FN:93,(anonymous_4)
FNF:5
FNH:0
FNDA:0,(anonymous_0)
FNDA:0,(anonymous_1)
FNDA:0,(anonymous_2)
FNDA:0,(anonymous_3)
FNDA:0,(anonymous_4)
DA:54,0
DA:62,0
DA:72,0
DA:73,0
DA:90,0
DA:91,0
DA:94,0
DA:95,0
DA:96,0
DA:97,0
LF:10
LH:0
BRF:0
BRH:0
end_of_record
TN:
SF:/Users/wangqi/myself/incubator-shardingsphere/sharding-ui/sharding-ui-frontend/src/components/Menu/src/components/Menu/index.vue
FN:58,(anonymous_0)
FN:66,(anonymous_1)
FN:80,(anonymous_2)
FN:83,(anonymous_3)
FNF:4
FNH:0
FNDA:0,(anonymous_0)
FNDA:0,(anonymous_1)
FNDA:0,(anonymous_2)
FNDA:0,(anonymous_3)
DA:59,0
DA:67,0
DA:68,0
DA:69,0
DA:70,0
DA:71,0
LF:6
LH:0
BRDA:69,0,0,0
BRDA:69,0,1,0
BRF:2
BRH:0
end_of_record
